// 重构日志: 794c8824
// 重构日志: eaad1ef8
// 重构日志: a6a974ff
// 重构日志: e28afcfa
// 重构日志: 3129c862
// 同步 ID: 11158beb @ Fri Jul  3 16:30:26 UTC 2026
// 重构日志: 12ae999c
// 重构日志: c71f1b94
// 同步 ID: 9a46739c @ Sun Jul  5 21:16:17 UTC 2026
// 重构日志: f1cdb36d
// 重构日志: 14c2290e
// 重构日志: 27bb4858
// 重构日志: 1df97271
// 同步 ID: 8fda863b @ Thu Jul  9 18:59:38 UTC 2026
// 重构日志: bbeb3661
// 重构日志: 7fe610fe
// 同步 ID: 799ae4bb @ Fri Jul 10 17:24:13 UTC 2026
// 同步 ID: 57600488 @ Sat Jul 11 06:55:46 UTC 2026
// 同步 ID: ac9a6ddb @ Sat Jul 11 17:47:45 UTC 2026
// 同步 ID: fb9ea2d3 @ Mon Jul 13 15:41:04 UTC 2026
// 重构日志: eb93c2d7
// 重构日志: 5dfe0ee2
// 同步 ID: 21905759 @ Tue Jul 14 14:57:27 UTC 2026
// 同步 ID: 51190bc4 @ Tue Jul 14 18:22:28 UTC 2026
// 重构日志: dfa1bcc5
// 同步 ID: 41acd939 @ Wed Jul 15 12:17:23 UTC 2026
// 重构日志: 169a2359
// 重构日志: bb53680e
// 重构日志: 1b67ff48
// 同步 ID: 6ebc3278 @ Thu Jul 16 03:56:04 UTC 2026
